<?xml version="1.0" encoding="UTF-8"?>
<!-- Generated by org.testng.reporters.JUnitReportReporter -->
<testsuite skipped="0" hostname="Lenovo-PC" name="com.charm.TC001" tests="1" failures="0" timestamp="24 Oct 2017 13:08:12 GMT" time="39.019" errors="0">
  <testcase name="TC001" time="39.019" classname="com.charm.TC001"/>
</testsuite> <!-- com.charm.TC001 -->
