<?xml version="1.0" encoding="UTF-8"?>
<!-- Generated by org.testng.reporters.JUnitReportReporter -->
<testsuite skipped="0" hostname="Lenovo-PC" name="com.charm.TC002" tests="1" failures="0" timestamp="24 Oct 2017 13:08:12 GMT" time="18.111" errors="0">
  <testcase name="Keyword_Search" time="18.111" classname="com.charm.TC002"/>
</testsuite> <!-- com.charm.TC002 -->
