<?xml version="1.0" encoding="UTF-8"?>
<!-- Generated by org.testng.reporters.JUnitReportReporter -->
<testsuite skipped="0" hostname="Lenovo-PC" name="com.charm.TC002" tests="1" failures="0" timestamp="9 Dec 2017 11:25:55 GMT" time="11.584" errors="0">
  <testcase name="Keyword_Search" time="11.584" classname="com.charm.TC002"/>
</testsuite> <!-- com.charm.TC002 -->
