<?xml version="1.0" encoding="UTF-8"?>
<!-- Generated by org.testng.reporters.JUnitReportReporter -->
<testsuite skipped="0" hostname="Lenovo-PC" name="com.charm.TC001" tests="1" failures="0" timestamp="4 Dec 2017 10:57:39 GMT" time="12.563" errors="0">
  <testcase name="TC001" time="12.563" classname="com.charm.TC001"/>
</testsuite> <!-- com.charm.TC001 -->
