<?xml version="1.0" encoding="UTF-8"?>
<!-- Generated by org.testng.reporters.JUnitReportReporter -->
<testsuite skipped="0" hostname="Lenovo-PC" name="com.charm.TC001" tests="1" failures="0" timestamp="9 Dec 2017 11:25:55 GMT" time="11.211" errors="0">
  <testcase name="TC001" time="11.211" classname="com.charm.TC001"/>
</testsuite> <!-- com.charm.TC001 -->
