<?xml version="1.0" encoding="UTF-8"?>
<!-- Generated by org.testng.reporters.JUnitReportReporter -->
<testsuite skipped="0" hostname="Lenovo-PC" name="com.charm.getApi" tests="3" failures="0" timestamp="16 Dec 2017 11:12:20 GMT" time="5.744" errors="0">
  <testcase name="testApiresponsecode" time="2.928" classname="com.charm.getApi"/>
  <testcase name="testExtractDetailsusingResponse" time="1.994" classname="com.charm.getApi"/>
  <testcase name="testApitime" time="0.822" classname="com.charm.getApi"/>
</testsuite> <!-- com.charm.getApi -->
