<?xml version="1.0" encoding="UTF-8"?>
<!-- Generated by org.testng.reporters.JUnitReportReporter -->
<testsuite skipped="0" hostname="Lenovo-PC" name="getRequest.getData" tests="2" failures="0" timestamp="31 Oct 2017 14:44:00 GMT" time="3.124" errors="0">
  <testcase name="testApitime" time="0.393" classname="getRequest.getData"/>
  <testcase name="testResponsecode" time="2.731" classname="getRequest.getData"/>
</testsuite> <!-- getRequest.getData -->
