<?xml version="1.0" encoding="UTF-8"?>
<!-- Generated by org.testng.reporters.JUnitReportReporter -->
<testsuite skipped="0" hostname="Lenovo-PC" name="com.charm.getData" tests="2" failures="0" timestamp="31 Oct 2017 14:55:39 GMT" time="2.775" errors="0">
  <testcase name="testApitime" time="0.390" classname="com.charm.getData"/>
  <testcase name="testApiresponsecode" time="2.385" classname="com.charm.getData"/>
</testsuite> <!-- com.charm.getData -->
