<?xml version="1.0" encoding="UTF-8"?>
<!-- Generated by org.testng.reporters.JUnitReportReporter -->
<testsuite skipped="0" hostname="Lenovo-PC" name="com.charm.test" tests="1" failures="0" timestamp="16 Sep 2017 09:59:36 GMT" time="8.166" errors="0">
  <testcase name="TC001" time="8.166" classname="com.charm.test"/>
</testsuite> <!-- com.charm.test -->
