<?xml version="1.0" encoding="UTF-8"?>
<!-- Generated by org.testng.reporters.JUnitReportReporter -->
<testsuite skipped="0" hostname="Lenovo-PC" name="com.charm.TC001" tests="1" failures="0" timestamp="16 Dec 2017 11:12:20 GMT" time="56.303" errors="0">
  <testcase name="TC001" time="56.303" classname="com.charm.TC001"/>
</testsuite> <!-- com.charm.TC001 -->
