<?xml version="1.0" encoding="UTF-8"?>
<!-- Generated by org.testng.reporters.JUnitReportReporter -->
<testsuite skipped="0" hostname="Lenovo-PC" name="com.charm.TC004" tests="1" failures="0" timestamp="9 Dec 2017 11:25:55 GMT" time="25.451" errors="0">
  <testcase name="TC004" time="25.451" classname="com.charm.TC004"/>
</testsuite> <!-- com.charm.TC004 -->
