<?xml version="1.0" encoding="UTF-8"?>
<!-- Generated by org.testng.reporters.JUnitReportReporter -->
<testsuite skipped="0" hostname="Lenovo-PC" name="com.charm.TC002" tests="1" failures="0" timestamp="28 Oct 2017 11:23:12 GMT" time="10.954" errors="0">
  <testcase name="Keyword_Search" time="10.954" classname="com.charm.TC002"/>
</testsuite> <!-- com.charm.TC002 -->
