<?xml version="1.0" encoding="UTF-8"?>
<!-- Generated by org.testng.reporters.JUnitReportReporter -->
<testsuite skipped="0" hostname="Lenovo-PC" name="com.charm.getApi" tests="3" failures="0" timestamp="9 Dec 2017 11:25:55 GMT" time="5.321" errors="0">
  <testcase name="testExtractDetailsusingResponse" time="1.522" classname="com.charm.getApi"/>
  <testcase name="testApiresponsecode" time="2.989" classname="com.charm.getApi"/>
  <testcase name="testApitime" time="0.810" classname="com.charm.getApi"/>
</testsuite> <!-- com.charm.getApi -->
