<?xml version="1.0" encoding="UTF-8"?>
<!-- Generated by org.testng.reporters.JUnitReportReporter -->
<testsuite skipped="0" hostname="Lenovo-PC" name="com.charm.TC001" tests="1" failures="0" timestamp="28 Oct 2017 09:47:22 GMT" time="10.162" errors="0">
  <testcase name="TC001" time="10.162" classname="com.charm.TC001"/>
</testsuite> <!-- com.charm.TC001 -->
